[2024-11-14 14:31:31,473] [INFO    ] [unitmanager   ] [__init__      ] [MainThread    ] Monitoring initialized at directory /home/pi-cam43/NatBeeSense/Monitoring_Data/20241114
[2024-11-14 14:31:31,474] [INFO    ] [unitmanager   ] [__init__      ] [MainThread    ] Video data recording initialized at directory /home/pi-cam43/NatBeeSense/Monitoring_Data/20241114/Video_recordings
[2024-11-14 14:31:31,475] [INFO    ] [main          ] [main          ] [MainThread    ] Starting processing at :  2024-11-14 14:31:31.465738
[2024-11-14 14:31:31,492] [INFO    ] [camera        ] [__init__      ] [MainThread    ] Camera initialised with following parameters: 
[2024-11-14 14:31:31,495] [INFO    ] [camera        ] [__init__      ] [MainThread    ] Video duration: 600
[2024-11-14 14:31:31,497] [INFO    ] [camera        ] [__init__      ] [MainThread    ] Video resolution: [1280, 720]
[2024-11-14 14:31:31,497] [INFO    ] [camera        ] [__init__      ] [MainThread    ] Video fps: 30
[2024-11-14 14:31:31,498] [INFO    ] [camera        ] [__init__      ] [MainThread    ] Video codec: h264
[2024-11-14 14:31:31,499] [INFO    ] [camera        ] [__init__      ] [MainThread    ] Video container: h264
[2024-11-14 14:31:31,500] [INFO    ] [camera        ] [__init__      ] [MainThread    ] Video directory: /home/pi-cam43/NatBeeSense/Monitoring_Data/20241114/Video_recordings
[2024-11-14 14:31:31,503] [INFO    ] [camera        ] [__init__      ] [MainThread    ] Recording start time: 06:00:00
[2024-11-14 14:31:31,504] [INFO    ] [camera        ] [__init__      ] [MainThread    ] Recording end time: 21:00:01
[2024-11-14 14:31:31,504] [INFO    ] [camera        ] [__init__      ] [MainThread    ] Video sampling interval: 1200
[2024-11-14 14:31:31,504] [INFO    ] [unitmanager   ] [__init__      ] [MainThread    ] UnitManager initialised with parameters:
[2024-11-14 14:31:31,507] [INFO    ] [unitmanager   ] [__init__      ] [MainThread    ] Max operating temperature: 80
[2024-11-14 14:31:31,509] [INFO    ] [unitmanager   ] [__init__      ] [MainThread    ] Minimum storage: 5
[2024-11-14 14:31:31,513] [INFO    ] [unitmanager   ] [__init__      ] [MainThread    ] Diagnostic interval: 1200
[2024-11-14 14:31:31,515] [INFO    ] [writers       ] [initialise_csv_file] [MainThread    ] CSV file created at: /home/pi-cam43/NatBeeSense/Monitoring_Data/20241114/20241114.csv
[2024-11-14 14:31:31,523] [INFO    ] [writers       ] [__init__      ] [MainThread    ] CSVWriter initialised
[2024-11-14 14:31:31,524] [INFO    ] [main          ] [main          ] [MainThread    ] Starting CameraThread
[2024-11-14 14:31:31,532] [INFO    ] [camera        ] [assess_recording_schedule] [CameraThread  ] Current time is within recording time.
[2024-11-14 14:31:31,532] [INFO    ] [main          ] [main          ] [MainThread    ] Starting UnitManagerThread
[2024-11-14 14:31:31,541] [INFO    ] [main          ] [main          ] [MainThread    ] Starting VideoProcessingThread
[2024-11-14 14:31:31,541] [INFO    ] [camera        ] [record_video  ] [CameraThread  ] Started Video recording: /home/pi-cam43/NatBeeSense/Monitoring_Data/20241114/Video_recordings/20241114_143131.h264
[2024-11-14 14:31:31,568] [INFO    ] [writers       ] [log_sensor_data] [UnitManagerThread] Data logged to file: /home/pi-cam43/NatBeeSense/Monitoring_Data/20241114/20241114.csv
[2024-11-14 14:31:31,612] [INFO    ] [unitmanager   ] [assess_recording_capability] [UnitManagerThread] Unit status: {'recorded_time': 1731555091.5834272, 'free_space': 29.812, 'cpu_temp': 76.9}
[2024-11-14 14:31:31,613] [INFO    ] [unitmanager   ] [assess_recording_capability] [UnitManagerThread] Unit is operational
[2024-11-14 14:31:49,899] [INFO    ] [camera        ] [record_video  ] [CameraThread  ] Video saved to /home/pi-cam43/NatBeeSense/Monitoring_Data/20241114/Video_recordings/20241114_143131.h264
[2024-11-14 14:31:50,125] [ERROR   ] [main          ] [main          ] [MainThread    ] Received KeyboardInterrupt or some kind of Exception. Setting interrupt event and breaking out of infinite loop...
Traceback (most recent call last):
  File "/home/pi-cam43/NatBeeSense/src/main.py", line 327, in main
    time.sleep(1)
KeyboardInterrupt
[2024-11-14 14:31:50,259] [WARNING ] [main          ] [main          ] [MainThread    ] You may have to wait a minute for all child processes to gracefully exit!
[2024-11-14 14:31:50,297] [INFO    ] [main          ] [main          ] [MainThread    ] Joining CameraThread
[2024-11-14 14:31:50,297] [INFO    ] [main          ] [run           ] [VideoProcessingThread] Stopping VideoProcessingThread. Stop signal received
[2024-11-14 14:31:50,297] [INFO    ] [main          ] [run           ] [UnitManagerThread] Stopping UnitManagerThread. Stop signal received
[2024-11-14 14:31:51,053] [WARNING ] [main          ] [<module>      ] [MainThread    ] Program terminated by user
[2024-11-14 14:32:12,431] [INFO    ] [unitmanager   ] [__init__      ] [MainThread    ] Monitoring initialized at directory /home/pi-cam43/NatBeeSense/Monitoring_Data/20241114
[2024-11-14 14:32:12,431] [INFO    ] [unitmanager   ] [__init__      ] [MainThread    ] Video data recording initialized at directory /home/pi-cam43/NatBeeSense/Monitoring_Data/20241114/Video_recordings
[2024-11-14 14:32:12,432] [INFO    ] [main          ] [main          ] [MainThread    ] Starting processing at :  2024-11-14 14:32:12.429255
[2024-11-14 14:32:12,436] [INFO    ] [camera        ] [__init__      ] [MainThread    ] Camera initialised with following parameters: 
[2024-11-14 14:32:12,437] [INFO    ] [camera        ] [__init__      ] [MainThread    ] Video duration: 60
[2024-11-14 14:32:12,437] [INFO    ] [camera        ] [__init__      ] [MainThread    ] Video resolution: [1280, 720]
[2024-11-14 14:32:12,438] [INFO    ] [camera        ] [__init__      ] [MainThread    ] Video fps: 30
[2024-11-14 14:32:12,438] [INFO    ] [camera        ] [__init__      ] [MainThread    ] Video codec: h264
[2024-11-14 14:32:12,438] [INFO    ] [camera        ] [__init__      ] [MainThread    ] Video container: h264
[2024-11-14 14:32:12,438] [INFO    ] [camera        ] [__init__      ] [MainThread    ] Video directory: /home/pi-cam43/NatBeeSense/Monitoring_Data/20241114/Video_recordings
[2024-11-14 14:32:12,439] [INFO    ] [camera        ] [__init__      ] [MainThread    ] Recording start time: 06:00:00
[2024-11-14 14:32:12,439] [INFO    ] [camera        ] [__init__      ] [MainThread    ] Recording end time: 21:00:01
[2024-11-14 14:32:12,439] [INFO    ] [camera        ] [__init__      ] [MainThread    ] Video sampling interval: 120
[2024-11-14 14:32:12,439] [INFO    ] [unitmanager   ] [__init__      ] [MainThread    ] UnitManager initialised with parameters:
[2024-11-14 14:32:12,439] [INFO    ] [unitmanager   ] [__init__      ] [MainThread    ] Max operating temperature: 80
[2024-11-14 14:32:12,440] [INFO    ] [unitmanager   ] [__init__      ] [MainThread    ] Minimum storage: 5
[2024-11-14 14:32:12,440] [INFO    ] [unitmanager   ] [__init__      ] [MainThread    ] Diagnostic interval: 1200
[2024-11-14 14:32:12,441] [INFO    ] [writers       ] [__init__      ] [MainThread    ] CSVWriter initialised
[2024-11-14 14:32:12,441] [INFO    ] [main          ] [main          ] [MainThread    ] Starting CameraThread
[2024-11-14 14:32:12,442] [INFO    ] [camera        ] [assess_recording_schedule] [CameraThread  ] Current time is within recording time.
[2024-11-14 14:32:12,443] [INFO    ] [main          ] [main          ] [MainThread    ] Starting UnitManagerThread
[2024-11-14 14:32:12,443] [INFO    ] [camera        ] [record_video  ] [CameraThread  ] Started Video recording: /home/pi-cam43/NatBeeSense/Monitoring_Data/20241114/Video_recordings/20241114_143212.h264
[2024-11-14 14:32:12,446] [INFO    ] [main          ] [main          ] [MainThread    ] Starting VideoProcessingThread
[2024-11-14 14:32:12,497] [INFO    ] [writers       ] [log_sensor_data] [UnitManagerThread] Data logged to file: /home/pi-cam43/NatBeeSense/Monitoring_Data/20241114/20241114.csv
[2024-11-14 14:32:12,551] [INFO    ] [unitmanager   ] [assess_recording_capability] [UnitManagerThread] Unit status: {'recorded_time': 1731555132.5113084, 'free_space': 29.802, 'cpu_temp': 73.0}
[2024-11-14 14:32:12,564] [INFO    ] [unitmanager   ] [assess_recording_capability] [UnitManagerThread] Unit is operational
[2024-11-14 14:33:13,233] [INFO    ] [camera        ] [record_video  ] [CameraThread  ] Video saved to /home/pi-cam43/NatBeeSense/Monitoring_Data/20241114/Video_recordings/20241114_143212.h264
[2024-11-14 14:33:26,289] [INFO    ] [camera        ] [delete_video  ] [VideoProcessingThread] File deleted from source directory: /home/pi-cam43/NatBeeSense/Monitoring_Data/20241114/Video_recordings/20241114_143212.h264
[2024-11-14 14:33:26,300] [INFO    ] [camera        ] [run_EcomotionZip] [VideoProcessingThread] Compressing video files
[2024-11-14 14:33:59,098] [INFO    ] [camera        ] [run_EcomotionZip] [VideoProcessingThread] Video files compressed successfully. Output directory is: /home/pi-cam43/NatBeeSense/Monitoring_Data/20241114/Video_recordings
[2024-11-14 14:35:15,272] [INFO    ] [camera        ] [assess_recording_schedule] [CameraThread  ] Current time is within recording time.
[2024-11-14 14:35:15,324] [INFO    ] [camera        ] [record_video  ] [CameraThread  ] Started Video recording: /home/pi-cam43/NatBeeSense/Monitoring_Data/20241114/Video_recordings/20241114_143515.h264
[2024-11-14 14:36:16,112] [INFO    ] [camera        ] [record_video  ] [CameraThread  ] Video saved to /home/pi-cam43/NatBeeSense/Monitoring_Data/20241114/Video_recordings/20241114_143515.h264
[2024-11-14 14:36:28,895] [INFO    ] [camera        ] [delete_video  ] [VideoProcessingThread] File deleted from source directory: /home/pi-cam43/NatBeeSense/Monitoring_Data/20241114/Video_recordings/20241114_143515.h264
[2024-11-14 14:36:28,910] [INFO    ] [camera        ] [run_EcomotionZip] [VideoProcessingThread] Compressing video files
[2024-11-14 14:37:11,411] [INFO    ] [camera        ] [run_EcomotionZip] [VideoProcessingThread] Video files compressed successfully. Output directory is: /home/pi-cam43/NatBeeSense/Monitoring_Data/20241114/Video_recordings
[2024-11-14 14:37:11,751] [INFO    ] [writers       ] [log_sensor_data] [UnitManagerThread] Data logged to file: /home/pi-cam43/NatBeeSense/Monitoring_Data/20241114/20241114.csv
[2024-11-14 14:38:18,193] [INFO    ] [camera        ] [assess_recording_schedule] [CameraThread  ] Current time is within recording time.
[2024-11-14 14:38:18,275] [INFO    ] [camera        ] [record_video  ] [CameraThread  ] Started Video recording: /home/pi-cam43/NatBeeSense/Monitoring_Data/20241114/Video_recordings/20241114_143818.h264
[2024-11-14 14:39:19,305] [INFO    ] [camera        ] [record_video  ] [CameraThread  ] Video saved to /home/pi-cam43/NatBeeSense/Monitoring_Data/20241114/Video_recordings/20241114_143818.h264
[2024-11-14 14:39:20,825] [ERROR   ] [main          ] [main          ] [MainThread    ] Received KeyboardInterrupt or some kind of Exception. Setting interrupt event and breaking out of infinite loop...
Traceback (most recent call last):
  File "/home/pi-cam43/NatBeeSense/src/main.py", line 327, in main
    time.sleep(1)
KeyboardInterrupt
[2024-11-14 14:39:21,245] [WARNING ] [main          ] [main          ] [MainThread    ] You may have to wait a minute for all child processes to gracefully exit!
[2024-11-14 14:39:21,255] [INFO    ] [main          ] [main          ] [MainThread    ] Joining CameraThread
[2024-11-14 14:39:21,255] [INFO    ] [main          ] [run           ] [UnitManagerThread] Stopping UnitManagerThread. Stop signal received
[2024-11-14 14:39:21,255] [INFO    ] [main          ] [run           ] [VideoProcessingThread] Stopping VideoProcessingThread. Stop signal received
[2024-11-14 14:39:21,315] [INFO    ] [main          ] [run           ] [CameraThread  ] Stopping CameraThread. Stop signal received
[2024-11-14 14:39:21,316] [INFO    ] [main          ] [main          ] [MainThread    ] Joining UnitManagerThread
[2024-11-14 14:39:21,316] [INFO    ] [main          ] [main          ] [MainThread    ] Joining VideoProcessingThread
[2024-11-14 14:39:21,317] [INFO    ] [main          ] [main          ] [MainThread    ] Finished processing at :  2024-11-14 14:39:21.317079
